Using pre-set license
Built from '2020.2/staging' branch; Version is '2020.2.7f1 (c53830e277f1) revision 12924976'; Using compiler version '192528614'; Build Type 'Release'
OS: 'Windows 10 Home; OS build 22000.1455; Version 2009; 64bit' Language: 'en' Physical Memory: 16238 MB
BatchMode: 1, IsHumanControllingUs: 0, StartBugReporterOnCrash: 0, Is64bit: 1, IsPro: 0

 COMMAND LINE ARGUMENTS:
D:\uni\Unity\Editor\Unity.exe
-adb2
-batchMode
-noUpm
-name
AssetImportWorker0
-projectPath
D:/New_Example/TIle Vania (4th learning project)
-logFile
Logs/AssetImportWorker0.log
-srvPort
4318
Successfully changed project path to: D:/New_Example/TIle Vania (4th learning project)
D:/New_Example/TIle Vania (4th learning project)
Using Asset Import Pipeline V2.
Refreshing native plugins compatible for Editor in 56.16 ms, found 1 plugins.
Preloading 0 native plugins for Editor in 0.00 ms.
Initialize engine version: 2020.2.7f1 (c53830e277f1)
[Subsystems] Discovering subsystems at path D:/uni/Unity/Editor/Data/Resources/UnitySubsystems
[Subsystems] Discovering subsystems at path D:/New_Example/TIle Vania (4th learning project)/Assets
GfxDevice: creating device client; threaded=0
Direct3D:
    Version:  Direct3D 11.0 [level 11.1]
    Renderer: NVIDIA GeForce GTX 1050 Ti (ID=0x1c8c)
    Vendor:   
    VRAM:     4021 MB
    Driver:   31.0.15.2225
Initialize mono
Mono path[0] = 'D:/uni/Unity/Editor/Data/Managed'
Mono path[1] = 'D:/uni/Unity/Editor/Data/MonoBleedingEdge/lib/mono/unityjit'
Mono config path = 'D:/uni/Unity/Editor/Data/MonoBleedingEdge/etc'
Using monoOptions --debugger-agent=transport=dt_socket,embedding=1,server=y,suspend=n,address=127.0.0.1:56228
Begin MonoManager ReloadAssembly
Registering precompiled unity dll's ...
Register platform support module: D:/uni/Unity/Editor/Data/PlaybackEngines/WindowsStandaloneSupport/UnityEditor.WindowsStandalone.Extensions.dll
Registered in 0.001015 seconds.
Native extension for WindowsStandalone target not found
Refreshing native plugins compatible for Editor in 50.34 ms, found 1 plugins.
Preloading 0 native plugins for Editor in 0.00 ms.
Invoked RoslynAnalysisRunner static constructor.
RoslynAnalysisRunner will not be running.
RoslynAnalysisRunner has terminated.
Mono: successfully reloaded assembly
- Completed reload, in  1.327 seconds
Platform modules already initialized, skipping
Registering precompiled user dll's ...
Registered in 0.001677 seconds.
Begin MonoManager ReloadAssembly
Native extension for WindowsStandalone target not found
Refreshing native plugins compatible for Editor in 55.24 ms, found 1 plugins.
Preloading 0 native plugins for Editor in 0.00 ms.
Invoked RoslynAnalysisRunner static constructor.
RoslynAnalysisRunner will not be running.
RoslynAnalysisRunner has terminated.
Mono: successfully reloaded assembly
- Completed reload, in  1.553 seconds
Platform modules already initialized, skipping
========================================================================
Worker process is ready to serve import requests
Launched and connected shader compiler UnityShaderCompiler.exe after 0.07 seconds
Refreshing native plugins compatible for Editor in 0.99 ms, found 1 plugins.
Preloading 0 native plugins for Editor in 0.00 ms.
Unloading 2273 Unused Serialized files (Serialized files now loaded: 0)
System memory in use before: 101.2 MB.
System memory in use after: 101.2 MB.

Unloading 27 unused Assets to reduce memory usage. Loaded Objects now: 2716.
Total: 4.006800 ms (FindLiveObjects: 0.733600 ms CreateObjectMapping: 0.356800 ms MarkObjects: 2.720500 ms  DeleteObjects: 0.193500 ms)

========================================================================
Received Import Request.
  path: Assets/Scripts/PlayerMovement.cs
  artifactKey: Guid(0ed4518da6d4d4344bb28c5e2e6b9ee7) Importer(815301076,1909f56bfc062723c751e8b465ee728b)
Start importing Assets/Scripts/PlayerMovement.cs using Guid(0ed4518da6d4d4344bb28c5e2e6b9ee7) Importer(815301076,1909f56bfc062723c751e8b465ee728b)  -> (artifact id: '6b1d5b635a42e1b0cfc3652baace105c') in 0.111641 seconds
  Import took 0.122438 seconds .

========================================================================
Received Prepare
Registering precompiled user dll's ...
Registered in 0.001200 seconds.
Begin MonoManager ReloadAssembly
Native extension for WindowsStandalone target not found
Refreshing native plugins compatible for Editor in 0.52 ms, found 1 plugins.
Preloading 0 native plugins for Editor in 0.00 ms.
Invoked RoslynAnalysisRunner static constructor.
RoslynAnalysisRunner will not be running.
RoslynAnalysisRunner has terminated.
Mono: successfully reloaded assembly
- Completed reload, in  0.976 seconds
Platform modules already initialized, skipping
Refreshing native plugins compatible for Editor in 0.49 ms, found 1 plugins.
Preloading 0 native plugins for Editor in 0.00 ms.
Unloading 2265 Unused Serialized files (Serialized files now loaded: 0)
System memory in use before: 101.1 MB.
System memory in use after: 101.1 MB.

Unloading 13 unused Assets to reduce memory usage. Loaded Objects now: 2720.
Total: 2.713300 ms (FindLiveObjects: 0.231900 ms CreateObjectMapping: 0.079000 ms MarkObjects: 2.307300 ms  DeleteObjects: 0.094200 ms)

========================================================================
Received Import Request.
  Time since last request: 170.549843 seconds.
  path: Assets/Scripts/PlayerMovement.cs
  artifactKey: Guid(0ed4518da6d4d4344bb28c5e2e6b9ee7) Importer(815301076,1909f56bfc062723c751e8b465ee728b)
Start importing Assets/Scripts/PlayerMovement.cs using Guid(0ed4518da6d4d4344bb28c5e2e6b9ee7) Importer(815301076,1909f56bfc062723c751e8b465ee728b)  -> (artifact id: '065e7a7971db947e1d19f69d88de2185') in 0.006418 seconds
  Import took 0.010301 seconds .

========================================================================
Received Prepare
Registering precompiled user dll's ...
Registered in 0.001461 seconds.
Begin MonoManager ReloadAssembly
Native extension for WindowsStandalone target not found
Refreshing native plugins compatible for Editor in 0.44 ms, found 1 plugins.
Preloading 0 native plugins for Editor in 0.00 ms.
Invoked RoslynAnalysisRunner static constructor.
RoslynAnalysisRunner will not be running.
RoslynAnalysisRunner has terminated.
Mono: successfully reloaded assembly
- Completed reload, in  0.964 seconds
Platform modules already initialized, skipping
Refreshing native plugins compatible for Editor in 0.74 ms, found 1 plugins.
Preloading 0 native plugins for Editor in 0.00 ms.
Unloading 2265 Unused Serialized files (Serialized files now loaded: 0)
System memory in use before: 101.2 MB.
System memory in use after: 101.3 MB.

Unloading 13 unused Assets to reduce memory usage. Loaded Objects now: 2724.
Total: 2.621800 ms (FindLiveObjects: 0.408800 ms CreateObjectMapping: 0.094700 ms MarkObjects: 1.981200 ms  DeleteObjects: 0.136200 ms)

========================================================================
Received Prepare
Registering precompiled user dll's ...
Registered in 0.001075 seconds.
Begin MonoManager ReloadAssembly
Native extension for WindowsStandalone target not found
Refreshing native plugins compatible for Editor in 0.44 ms, found 1 plugins.
Preloading 0 native plugins for Editor in 0.00 ms.
Invoked RoslynAnalysisRunner static constructor.
RoslynAnalysisRunner will not be running.
RoslynAnalysisRunner has terminated.
Mono: successfully reloaded assembly
- Completed reload, in  1.044 seconds
Platform modules already initialized, skipping
Refreshing native plugins compatible for Editor in 0.55 ms, found 1 plugins.
Preloading 0 native plugins for Editor in 0.00 ms.
Unloading 2265 Unused Serialized files (Serialized files now loaded: 0)
System memory in use before: 101.2 MB.
System memory in use after: 101.3 MB.

Unloading 13 unused Assets to reduce memory usage. Loaded Objects now: 2728.
Total: 2.712400 ms (FindLiveObjects: 0.398100 ms CreateObjectMapping: 0.143600 ms MarkObjects: 2.076900 ms  DeleteObjects: 0.092900 ms)

========================================================================
Received Prepare
Registering precompiled user dll's ...
Registered in 0.001402 seconds.
Begin MonoManager ReloadAssembly
Native extension for WindowsStandalone target not found
Refreshing native plugins compatible for Editor in 0.59 ms, found 1 plugins.
Preloading 0 native plugins for Editor in 0.00 ms.
Invoked RoslynAnalysisRunner static constructor.
RoslynAnalysisRunner will not be running.
RoslynAnalysisRunner has terminated.
Mono: successfully reloaded assembly
- Completed reload, in  0.950 seconds
Platform modules already initialized, skipping
Refreshing native plugins compatible for Editor in 0.91 ms, found 1 plugins.
Preloading 0 native plugins for Editor in 0.00 ms.
Unloading 2265 Unused Serialized files (Serialized files now loaded: 0)
System memory in use before: 101.2 MB.
System memory in use after: 101.3 MB.

Unloading 13 unused Assets to reduce memory usage. Loaded Objects now: 2732.
Total: 4.055100 ms (FindLiveObjects: 0.386900 ms CreateObjectMapping: 0.098700 ms MarkObjects: 3.404400 ms  DeleteObjects: 0.164400 ms)

========================================================================
Received Prepare
Registering precompiled user dll's ...
Registered in 0.001202 seconds.
Begin MonoManager ReloadAssembly
Native extension for WindowsStandalone target not found
Refreshing native plugins compatible for Editor in 0.45 ms, found 1 plugins.
Preloading 0 native plugins for Editor in 0.00 ms.
Invoked RoslynAnalysisRunner static constructor.
RoslynAnalysisRunner will not be running.
RoslynAnalysisRunner has terminated.
Mono: successfully reloaded assembly
- Completed reload, in  0.968 seconds
Platform modules already initialized, skipping
Refreshing native plugins compatible for Editor in 0.54 ms, found 1 plugins.
Preloading 0 native plugins for Editor in 0.00 ms.
Unloading 2265 Unused Serialized files (Serialized files now loaded: 0)
System memory in use before: 101.2 MB.
System memory in use after: 101.3 MB.

Unloading 13 unused Assets to reduce memory usage. Loaded Objects now: 2736.
Total: 3.542400 ms (FindLiveObjects: 0.656800 ms CreateObjectMapping: 0.107400 ms MarkObjects: 2.620800 ms  DeleteObjects: 0.156200 ms)

========================================================================
Received Prepare
Registering precompiled user dll's ...
Registered in 0.001014 seconds.
Begin MonoManager ReloadAssembly
Native extension for WindowsStandalone target not found
Refreshing native plugins compatible for Editor in 0.44 ms, found 1 plugins.
Preloading 0 native plugins for Editor in 0.00 ms.
Invoked RoslynAnalysisRunner static constructor.
RoslynAnalysisRunner will not be running.
RoslynAnalysisRunner has terminated.
Mono: successfully reloaded assembly
- Completed reload, in  0.962 seconds
Platform modules already initialized, skipping
Refreshing native plugins compatible for Editor in 0.51 ms, found 1 plugins.
Preloading 0 native plugins for Editor in 0.00 ms.
Unloading 2265 Unused Serialized files (Serialized files now loaded: 0)
System memory in use before: 101.2 MB.
System memory in use after: 101.3 MB.

Unloading 13 unused Assets to reduce memory usage. Loaded Objects now: 2740.
Total: 3.442500 ms (FindLiveObjects: 0.354500 ms CreateObjectMapping: 0.121100 ms MarkObjects: 2.804700 ms  DeleteObjects: 0.161300 ms)

========================================================================
Received Prepare
Registering precompiled user dll's ...
Registered in 0.001132 seconds.
Begin MonoManager ReloadAssembly
Native extension for WindowsStandalone target not found
Refreshing native plugins compatible for Editor in 0.45 ms, found 1 plugins.
Preloading 0 native plugins for Editor in 0.00 ms.
Invoked RoslynAnalysisRunner static constructor.
RoslynAnalysisRunner will not be running.
RoslynAnalysisRunner has terminated.
Mono: successfully reloaded assembly
- Completed reload, in  0.957 seconds
Platform modules already initialized, skipping
Refreshing native plugins compatible for Editor in 0.50 ms, found 1 plugins.
Preloading 0 native plugins for Editor in 0.00 ms.
Unloading 2265 Unused Serialized files (Serialized files now loaded: 0)
System memory in use before: 101.2 MB.
System memory in use after: 101.3 MB.

Unloading 13 unused Assets to reduce memory usage. Loaded Objects now: 2744.
Total: 2.636400 ms (FindLiveObjects: 0.308500 ms CreateObjectMapping: 0.138600 ms MarkObjects: 2.029900 ms  DeleteObjects: 0.158400 ms)

========================================================================
Received Prepare
Registering precompiled user dll's ...
Registered in 0.001241 seconds.
Begin MonoManager ReloadAssembly
Native extension for WindowsStandalone target not found
Refreshing native plugins compatible for Editor in 0.44 ms, found 1 plugins.
Preloading 0 native plugins for Editor in 0.00 ms.
Invoked RoslynAnalysisRunner static constructor.
RoslynAnalysisRunner will not be running.
RoslynAnalysisRunner has terminated.
Mono: successfully reloaded assembly
- Completed reload, in  0.984 seconds
Platform modules already initialized, skipping
Refreshing native plugins compatible for Editor in 0.49 ms, found 1 plugins.
Preloading 0 native plugins for Editor in 0.00 ms.
Unloading 2265 Unused Serialized files (Serialized files now loaded: 0)
System memory in use before: 101.2 MB.
System memory in use after: 101.3 MB.

Unloading 13 unused Assets to reduce memory usage. Loaded Objects now: 2748.
Total: 4.217000 ms (FindLiveObjects: 0.529700 ms CreateObjectMapping: 0.209100 ms MarkObjects: 3.279700 ms  DeleteObjects: 0.197400 ms)

========================================================================
Received Prepare
Registering precompiled user dll's ...
Registered in 0.001079 seconds.
Begin MonoManager ReloadAssembly
Native extension for WindowsStandalone target not found
Refreshing native plugins compatible for Editor in 0.44 ms, found 1 plugins.
Preloading 0 native plugins for Editor in 0.00 ms.
Invoked RoslynAnalysisRunner static constructor.
RoslynAnalysisRunner will not be running.
RoslynAnalysisRunner has terminated.
Mono: successfully reloaded assembly
- Completed reload, in  0.982 seconds
Platform modules already initialized, skipping
Refreshing native plugins compatible for Editor in 0.57 ms, found 1 plugins.
Preloading 0 native plugins for Editor in 0.00 ms.
Unloading 2265 Unused Serialized files (Serialized files now loaded: 0)
System memory in use before: 101.3 MB.
System memory in use after: 101.3 MB.

Unloading 13 unused Assets to reduce memory usage. Loaded Objects now: 2752.
Total: 4.064900 ms (FindLiveObjects: 0.595200 ms CreateObjectMapping: 0.109500 ms MarkObjects: 3.143600 ms  DeleteObjects: 0.214800 ms)

========================================================================
Received Prepare
Registering precompiled user dll's ...
Registered in 0.000992 seconds.
Begin MonoManager ReloadAssembly
Native extension for WindowsStandalone target not found
Refreshing native plugins compatible for Editor in 0.56 ms, found 1 plugins.
Preloading 0 native plugins for Editor in 0.00 ms.
Invoked RoslynAnalysisRunner static constructor.
RoslynAnalysisRunner will not be running.
RoslynAnalysisRunner has terminated.
Mono: successfully reloaded assembly
- Completed reload, in  1.009 seconds
Platform modules already initialized, skipping
Refreshing native plugins compatible for Editor in 0.50 ms, found 1 plugins.
Preloading 0 native plugins for Editor in 0.00 ms.
Unloading 2265 Unused Serialized files (Serialized files now loaded: 0)
System memory in use before: 101.3 MB.
System memory in use after: 101.4 MB.

Unloading 13 unused Assets to reduce memory usage. Loaded Objects now: 2756.
Total: 2.925400 ms (FindLiveObjects: 0.239100 ms CreateObjectMapping: 0.197200 ms MarkObjects: 2.322100 ms  DeleteObjects: 0.165400 ms)

========================================================================
Received Prepare
Registering precompiled user dll's ...
Registered in 0.001023 seconds.
Begin MonoManager ReloadAssembly
Native extension for WindowsStandalone target not found
Refreshing native plugins compatible for Editor in 0.43 ms, found 1 plugins.
Preloading 0 native plugins for Editor in 0.00 ms.
Invoked RoslynAnalysisRunner static constructor.
RoslynAnalysisRunner will not be running.
RoslynAnalysisRunner has terminated.
Mono: successfully reloaded assembly
- Completed reload, in  0.932 seconds
Platform modules already initialized, skipping
Refreshing native plugins compatible for Editor in 0.52 ms, found 1 plugins.
Preloading 0 native plugins for Editor in 0.00 ms.
Unloading 2265 Unused Serialized files (Serialized files now loaded: 0)
System memory in use before: 101.3 MB.
System memory in use after: 101.4 MB.

Unloading 13 unused Assets to reduce memory usage. Loaded Objects now: 2760.
Total: 2.920500 ms (FindLiveObjects: 0.353500 ms CreateObjectMapping: 0.210000 ms MarkObjects: 2.217500 ms  DeleteObjects: 0.138400 ms)

========================================================================
Received Prepare
Registering precompiled user dll's ...
Registered in 0.001209 seconds.
Begin MonoManager ReloadAssembly
Native extension for WindowsStandalone target not found
Refreshing native plugins compatible for Editor in 0.45 ms, found 1 plugins.
Preloading 0 native plugins for Editor in 0.00 ms.
Invoked RoslynAnalysisRunner static constructor.
RoslynAnalysisRunner will not be running.
RoslynAnalysisRunner has terminated.
Mono: successfully reloaded assembly
- Completed reload, in  0.945 seconds
Platform modules already initialized, skipping
Refreshing native plugins compatible for Editor in 0.63 ms, found 1 plugins.
Preloading 0 native plugins for Editor in 0.00 ms.
Unloading 2265 Unused Serialized files (Serialized files now loaded: 0)
System memory in use before: 101.3 MB.
System memory in use after: 101.4 MB.

Unloading 13 unused Assets to reduce memory usage. Loaded Objects now: 2764.
Total: 3.122300 ms (FindLiveObjects: 0.389100 ms CreateObjectMapping: 0.183700 ms MarkObjects: 2.379200 ms  DeleteObjects: 0.169300 ms)

========================================================================
Received Prepare
Registering precompiled user dll's ...
Registered in 0.001092 seconds.
Begin MonoManager ReloadAssembly
Native extension for WindowsStandalone target not found
Refreshing native plugins compatible for Editor in 0.54 ms, found 1 plugins.
Preloading 0 native plugins for Editor in 0.00 ms.
Invoked RoslynAnalysisRunner static constructor.
RoslynAnalysisRunner will not be running.
RoslynAnalysisRunner has terminated.
Mono: successfully reloaded assembly
- Completed reload, in  0.966 seconds
Platform modules already initialized, skipping
Refreshing native plugins compatible for Editor in 0.56 ms, found 1 plugins.
Preloading 0 native plugins for Editor in 0.00 ms.
Unloading 2265 Unused Serialized files (Serialized files now loaded: 0)
System memory in use before: 101.3 MB.
System memory in use after: 101.4 MB.

Unloading 13 unused Assets to reduce memory usage. Loaded Objects now: 2768.
Total: 2.900900 ms (FindLiveObjects: 0.345800 ms CreateObjectMapping: 0.199400 ms MarkObjects: 2.155700 ms  DeleteObjects: 0.199100 ms)

========================================================================
Received Prepare
Registering precompiled user dll's ...
Registered in 0.001640 seconds.
Begin MonoManager ReloadAssembly
Native extension for WindowsStandalone target not found
Refreshing native plugins compatible for Editor in 0.40 ms, found 1 plugins.
Preloading 0 native plugins for Editor in 0.00 ms.
Invoked RoslynAnalysisRunner static constructor.
RoslynAnalysisRunner will not be running.
RoslynAnalysisRunner has terminated.
Mono: successfully reloaded assembly
- Completed reload, in  1.000 seconds
Platform modules already initialized, skipping
Refreshing native plugins compatible for Editor in 0.55 ms, found 1 plugins.
Preloading 0 native plugins for Editor in 0.00 ms.
Unloading 2265 Unused Serialized files (Serialized files now loaded: 0)
System memory in use before: 101.3 MB.
System memory in use after: 101.4 MB.

Unloading 13 unused Assets to reduce memory usage. Loaded Objects now: 2772.
Total: 4.400000 ms (FindLiveObjects: 1.006400 ms CreateObjectMapping: 0.197400 ms MarkObjects: 3.051100 ms  DeleteObjects: 0.143900 ms)

========================================================================
Received Prepare
Registering precompiled user dll's ...
Registered in 0.001085 seconds.
Begin MonoManager ReloadAssembly
Native extension for WindowsStandalone target not found
Refreshing native plugins compatible for Editor in 0.40 ms, found 1 plugins.
Preloading 0 native plugins for Editor in 0.00 ms.
Invoked RoslynAnalysisRunner static constructor.
RoslynAnalysisRunner will not be running.
RoslynAnalysisRunner has terminated.
Mono: successfully reloaded assembly
- Completed reload, in  0.939 seconds
Platform modules already initialized, skipping
Refreshing native plugins compatible for Editor in 0.52 ms, found 1 plugins.
Preloading 0 native plugins for Editor in 0.00 ms.
Unloading 2265 Unused Serialized files (Serialized files now loaded: 0)
System memory in use before: 101.3 MB.
System memory in use after: 101.4 MB.

Unloading 13 unused Assets to reduce memory usage. Loaded Objects now: 2776.
Total: 3.903200 ms (FindLiveObjects: 0.577000 ms CreateObjectMapping: 0.262500 ms MarkObjects: 2.875200 ms  DeleteObjects: 0.186500 ms)

========================================================================
Received Prepare
Registering precompiled user dll's ...
Registered in 0.001211 seconds.
Begin MonoManager ReloadAssembly
Native extension for WindowsStandalone target not found
Refreshing native plugins compatible for Editor in 0.80 ms, found 1 plugins.
Preloading 0 native plugins for Editor in 0.00 ms.
Invoked RoslynAnalysisRunner static constructor.
RoslynAnalysisRunner will not be running.
RoslynAnalysisRunner has terminated.
Mono: successfully reloaded assembly
- Completed reload, in  0.967 seconds
Platform modules already initialized, skipping
Refreshing native plugins compatible for Editor in 0.52 ms, found 1 plugins.
Preloading 0 native plugins for Editor in 0.00 ms.
Unloading 2265 Unused Serialized files (Serialized files now loaded: 0)
System memory in use before: 101.3 MB.
System memory in use after: 101.4 MB.

Unloading 13 unused Assets to reduce memory usage. Loaded Objects now: 2780.
Total: 4.044500 ms (FindLiveObjects: 0.408100 ms CreateObjectMapping: 0.257100 ms MarkObjects: 3.246400 ms  DeleteObjects: 0.131700 ms)

========================================================================
Received Prepare
Registering precompiled user dll's ...
Registered in 0.001118 seconds.
Begin MonoManager ReloadAssembly
Native extension for WindowsStandalone target not found
Refreshing native plugins compatible for Editor in 0.46 ms, found 1 plugins.
Preloading 0 native plugins for Editor in 0.00 ms.
Invoked RoslynAnalysisRunner static constructor.
RoslynAnalysisRunner will not be running.
RoslynAnalysisRunner has terminated.
Mono: successfully reloaded assembly
- Completed reload, in  0.980 seconds
Platform modules already initialized, skipping
Refreshing native plugins compatible for Editor in 0.58 ms, found 1 plugins.
Preloading 0 native plugins for Editor in 0.00 ms.
Unloading 2265 Unused Serialized files (Serialized files now loaded: 0)
System memory in use before: 101.3 MB.
System memory in use after: 101.4 MB.

Unloading 13 unused Assets to reduce memory usage. Loaded Objects now: 2784.
Total: 2.733600 ms (FindLiveObjects: 0.387700 ms CreateObjectMapping: 0.118100 ms MarkObjects: 2.049600 ms  DeleteObjects: 0.177300 ms)

========================================================================
Received Prepare
Registering precompiled user dll's ...
Registered in 0.001051 seconds.
Begin MonoManager ReloadAssembly
Native extension for WindowsStandalone target not found
Refreshing native plugins compatible for Editor in 0.44 ms, found 1 plugins.
Preloading 0 native plugins for Editor in 0.00 ms.
Invoked RoslynAnalysisRunner static constructor.
RoslynAnalysisRunner will not be running.
RoslynAnalysisRunner has terminated.
Mono: successfully reloaded assembly
- Completed reload, in  0.941 seconds
Platform modules already initialized, skipping
Refreshing native plugins compatible for Editor in 0.48 ms, found 1 plugins.
Preloading 0 native plugins for Editor in 0.00 ms.
Unloading 2265 Unused Serialized files (Serialized files now loaded: 0)
System memory in use before: 101.3 MB.
System memory in use after: 101.4 MB.

Unloading 13 unused Assets to reduce memory usage. Loaded Objects now: 2788.
Total: 3.268700 ms (FindLiveObjects: 0.431500 ms CreateObjectMapping: 0.099600 ms MarkObjects: 2.604100 ms  DeleteObjects: 0.132400 ms)

========================================================================
Received Prepare
Registering precompiled user dll's ...
Registered in 0.001227 seconds.
Begin MonoManager ReloadAssembly
Native extension for WindowsStandalone target not found
Refreshing native plugins compatible for Editor in 0.46 ms, found 1 plugins.
Preloading 0 native plugins for Editor in 0.00 ms.
Invoked RoslynAnalysisRunner static constructor.
RoslynAnalysisRunner will not be running.
RoslynAnalysisRunner has terminated.
Mono: successfully reloaded assembly
- Completed reload, in  0.961 seconds
Platform modules already initialized, skipping
Refreshing native plugins compatible for Editor in 0.63 ms, found 1 plugins.
Preloading 0 native plugins for Editor in 0.00 ms.
Unloading 2265 Unused Serialized files (Serialized files now loaded: 0)
System memory in use before: 101.4 MB.
System memory in use after: 101.5 MB.

Unloading 13 unused Assets to reduce memory usage. Loaded Objects now: 2792.
Total: 3.516400 ms (FindLiveObjects: 0.379800 ms CreateObjectMapping: 0.245300 ms MarkObjects: 2.730200 ms  DeleteObjects: 0.160400 ms)

========================================================================
Received Prepare
Registering precompiled user dll's ...
Registered in 0.001078 seconds.
Begin MonoManager ReloadAssembly
Native extension for WindowsStandalone target not found
Refreshing native plugins compatible for Editor in 0.45 ms, found 1 plugins.
Preloading 0 native plugins for Editor in 0.00 ms.
Invoked RoslynAnalysisRunner static constructor.
RoslynAnalysisRunner will not be running.
RoslynAnalysisRunner has terminated.
Mono: successfully reloaded assembly
- Completed reload, in  0.905 seconds
Platform modules already initialized, skipping
Refreshing native plugins compatible for Editor in 0.50 ms, found 1 plugins.
Preloading 0 native plugins for Editor in 0.00 ms.
Unloading 2265 Unused Serialized files (Serialized files now loaded: 0)
System memory in use before: 101.4 MB.
System memory in use after: 101.5 MB.

Unloading 13 unused Assets to reduce memory usage. Loaded Objects now: 2796.
Total: 3.127200 ms (FindLiveObjects: 0.566300 ms CreateObjectMapping: 0.216100 ms MarkObjects: 2.162100 ms  DeleteObjects: 0.181700 ms)

========================================================================
Received Prepare
Registering precompiled user dll's ...
Registered in 0.001061 seconds.
Begin MonoManager ReloadAssembly
Native extension for WindowsStandalone target not found
Refreshing native plugins compatible for Editor in 0.50 ms, found 1 plugins.
Preloading 0 native plugins for Editor in 0.00 ms.
Invoked RoslynAnalysisRunner static constructor.
RoslynAnalysisRunner will not be running.
RoslynAnalysisRunner has terminated.
Mono: successfully reloaded assembly
- Completed reload, in  0.967 seconds
Platform modules already initialized, skipping
Refreshing native plugins compatible for Editor in 0.52 ms, found 1 plugins.
Preloading 0 native plugins for Editor in 0.00 ms.
Unloading 2265 Unused Serialized files (Serialized files now loaded: 0)
System memory in use before: 101.4 MB.
System memory in use after: 101.5 MB.

Unloading 13 unused Assets to reduce memory usage. Loaded Objects now: 2800.
Total: 3.006000 ms (FindLiveObjects: 0.367900 ms CreateObjectMapping: 0.184000 ms MarkObjects: 2.291300 ms  DeleteObjects: 0.162100 ms)

========================================================================
Received Prepare
Registering precompiled user dll's ...
Registered in 0.001127 seconds.
Begin MonoManager ReloadAssembly
Native extension for WindowsStandalone target not found
Refreshing native plugins compatible for Editor in 0.52 ms, found 1 plugins.
Preloading 0 native plugins for Editor in 0.00 ms.
Invoked RoslynAnalysisRunner static constructor.
RoslynAnalysisRunner will not be running.
RoslynAnalysisRunner has terminated.
Mono: successfully reloaded assembly
- Completed reload, in  0.959 seconds
Platform modules already initialized, skipping
Refreshing native plugins compatible for Editor in 0.56 ms, found 1 plugins.
Preloading 0 native plugins for Editor in 0.00 ms.
Unloading 2265 Unused Serialized files (Serialized files now loaded: 0)
System memory in use before: 101.4 MB.
System memory in use after: 101.5 MB.

Unloading 13 unused Assets to reduce memory usage. Loaded Objects now: 2804.
Total: 3.305400 ms (FindLiveObjects: 0.437500 ms CreateObjectMapping: 0.090500 ms MarkObjects: 2.638900 ms  DeleteObjects: 0.137600 ms)

========================================================================
Received Prepare
Registering precompiled user dll's ...
Registered in 0.001356 seconds.
Begin MonoManager ReloadAssembly
Native extension for WindowsStandalone target not found
Refreshing native plugins compatible for Editor in 0.44 ms, found 1 plugins.
Preloading 0 native plugins for Editor in 0.00 ms.
Invoked RoslynAnalysisRunner static constructor.
RoslynAnalysisRunner will not be running.
RoslynAnalysisRunner has terminated.
Mono: successfully reloaded assembly
- Completed reload, in  0.943 seconds
Platform modules already initialized, skipping
Refreshing native plugins compatible for Editor in 0.49 ms, found 1 plugins.
Preloading 0 native plugins for Editor in 0.00 ms.
Unloading 2265 Unused Serialized files (Serialized files now loaded: 0)
System memory in use before: 101.4 MB.
System memory in use after: 101.5 MB.

Unloading 13 unused Assets to reduce memory usage. Loaded Objects now: 2808.
Total: 3.176100 ms (FindLiveObjects: 0.443300 ms CreateObjectMapping: 0.188500 ms MarkObjects: 2.395000 ms  DeleteObjects: 0.147900 ms)

========================================================================
Received Prepare
Registering precompiled user dll's ...
Registered in 0.001103 seconds.
Begin MonoManager ReloadAssembly
Native extension for WindowsStandalone target not found
Refreshing native plugins compatible for Editor in 0.51 ms, found 1 plugins.
Preloading 0 native plugins for Editor in 0.00 ms.
Invoked RoslynAnalysisRunner static constructor.
RoslynAnalysisRunner will not be running.
RoslynAnalysisRunner has terminated.
Mono: successfully reloaded assembly
- Completed reload, in  0.939 seconds
Platform modules already initialized, skipping
Refreshing native plugins compatible for Editor in 0.58 ms, found 1 plugins.
Preloading 0 native plugins for Editor in 0.00 ms.
Unloading 2265 Unused Serialized files (Serialized files now loaded: 0)
System memory in use before: 101.4 MB.
System memory in use after: 101.5 MB.

Unloading 13 unused Assets to reduce memory usage. Loaded Objects now: 2812.
Total: 3.576000 ms (FindLiveObjects: 0.474800 ms CreateObjectMapping: 0.147900 ms MarkObjects: 2.768100 ms  DeleteObjects: 0.184000 ms)

========================================================================
Received Prepare
Registering precompiled user dll's ...
Registered in 0.001045 seconds.
Begin MonoManager ReloadAssembly
Native extension for WindowsStandalone target not found
Refreshing native plugins compatible for Editor in 0.45 ms, found 1 plugins.
Preloading 0 native plugins for Editor in 0.00 ms.
Invoked RoslynAnalysisRunner static constructor.
RoslynAnalysisRunner will not be running.
RoslynAnalysisRunner has terminated.
Mono: successfully reloaded assembly
- Completed reload, in  0.955 seconds
Platform modules already initialized, skipping
Refreshing native plugins compatible for Editor in 0.49 ms, found 1 plugins.
Preloading 0 native plugins for Editor in 0.00 ms.
Unloading 2265 Unused Serialized files (Serialized files now loaded: 0)
System memory in use before: 101.4 MB.
System memory in use after: 101.5 MB.

Unloading 13 unused Assets to reduce memory usage. Loaded Objects now: 2816.
Total: 3.040900 ms (FindLiveObjects: 0.349600 ms CreateObjectMapping: 0.153400 ms MarkObjects: 2.440900 ms  DeleteObjects: 0.096200 ms)

========================================================================
Received Prepare
Registering precompiled user dll's ...
Registered in 0.001074 seconds.
Begin MonoManager ReloadAssembly
Native extension for WindowsStandalone target not found
Refreshing native plugins compatible for Editor in 0.46 ms, found 1 plugins.
Preloading 0 native plugins for Editor in 0.00 ms.
Invoked RoslynAnalysisRunner static constructor.
RoslynAnalysisRunner will not be running.
RoslynAnalysisRunner has terminated.
Mono: successfully reloaded assembly
- Completed reload, in  0.980 seconds
Platform modules already initialized, skipping
Refreshing native plugins compatible for Editor in 0.50 ms, found 1 plugins.
Preloading 0 native plugins for Editor in 0.00 ms.
Unloading 2265 Unused Serialized files (Serialized files now loaded: 0)
System memory in use before: 101.4 MB.
System memory in use after: 101.5 MB.

Unloading 13 unused Assets to reduce memory usage. Loaded Objects now: 2820.
Total: 2.676600 ms (FindLiveObjects: 0.301200 ms CreateObjectMapping: 0.096300 ms MarkObjects: 2.103100 ms  DeleteObjects: 0.175100 ms)

========================================================================
Received Prepare
Registering precompiled user dll's ...
Registered in 0.001339 seconds.
Begin MonoManager ReloadAssembly
Native extension for WindowsStandalone target not found
Refreshing native plugins compatible for Editor in 0.48 ms, found 1 plugins.
Preloading 0 native plugins for Editor in 0.00 ms.
Invoked RoslynAnalysisRunner static constructor.
RoslynAnalysisRunner will not be running.
RoslynAnalysisRunner has terminated.
Mono: successfully reloaded assembly
- Completed reload, in  0.959 seconds
Platform modules already initialized, skipping
Refreshing native plugins compatible for Editor in 0.63 ms, found 1 plugins.
Preloading 0 native plugins for Editor in 0.00 ms.
Unloading 2265 Unused Serialized files (Serialized files now loaded: 0)
System memory in use before: 101.4 MB.
System memory in use after: 101.5 MB.

Unloading 13 unused Assets to reduce memory usage. Loaded Objects now: 2824.
Total: 3.082900 ms (FindLiveObjects: 0.393000 ms CreateObjectMapping: 0.198400 ms MarkObjects: 2.331000 ms  DeleteObjects: 0.159100 ms)

========================================================================
Received Prepare
Registering precompiled user dll's ...
Registered in 0.001110 seconds.
Begin MonoManager ReloadAssembly
Native extension for WindowsStandalone target not found
Refreshing native plugins compatible for Editor in 0.49 ms, found 1 plugins.
Preloading 0 native plugins for Editor in 0.00 ms.
Invoked RoslynAnalysisRunner static constructor.
RoslynAnalysisRunner will not be running.
RoslynAnalysisRunner has terminated.
Mono: successfully reloaded assembly
- Completed reload, in  0.967 seconds
Platform modules already initialized, skipping
Refreshing native plugins compatible for Editor in 0.51 ms, found 1 plugins.
Preloading 0 native plugins for Editor in 0.00 ms.
Unloading 2265 Unused Serialized files (Serialized files now loaded: 0)
System memory in use before: 101.5 MB.
System memory in use after: 101.6 MB.

Unloading 13 unused Assets to reduce memory usage. Loaded Objects now: 2828.
Total: 4.302000 ms (FindLiveObjects: 0.419000 ms CreateObjectMapping: 0.299300 ms MarkObjects: 3.413400 ms  DeleteObjects: 0.169400 ms)

========================================================================
Received Prepare
Registering precompiled user dll's ...
Registered in 0.001526 seconds.
Begin MonoManager ReloadAssembly
Native extension for WindowsStandalone target not found
Refreshing native plugins compatible for Editor in 0.44 ms, found 1 plugins.
Preloading 0 native plugins for Editor in 0.00 ms.
Invoked RoslynAnalysisRunner static constructor.
RoslynAnalysisRunner will not be running.
RoslynAnalysisRunner has terminated.
Mono: successfully reloaded assembly
- Completed reload, in  0.961 seconds
Platform modules already initialized, skipping
Refreshing native plugins compatible for Editor in 0.51 ms, found 1 plugins.
Preloading 0 native plugins for Editor in 0.00 ms.
Unloading 2265 Unused Serialized files (Serialized files now loaded: 0)
System memory in use before: 101.5 MB.
System memory in use after: 101.6 MB.

Unloading 13 unused Assets to reduce memory usage. Loaded Objects now: 2832.
Total: 4.745600 ms (FindLiveObjects: 0.861100 ms CreateObjectMapping: 0.380800 ms MarkObjects: 3.290000 ms  DeleteObjects: 0.212600 ms)

========================================================================
Received Prepare
Registering precompiled user dll's ...
Registered in 0.001083 seconds.
Begin MonoManager ReloadAssembly
Native extension for WindowsStandalone target not found
Refreshing native plugins compatible for Editor in 0.56 ms, found 1 plugins.
Preloading 0 native plugins for Editor in 0.00 ms.
Invoked RoslynAnalysisRunner static constructor.
RoslynAnalysisRunner will not be running.
RoslynAnalysisRunner has terminated.
Mono: successfully reloaded assembly
- Completed reload, in  0.937 seconds
Platform modules already initialized, skipping
Refreshing native plugins compatible for Editor in 0.51 ms, found 1 plugins.
Preloading 0 native plugins for Editor in 0.00 ms.
Unloading 2265 Unused Serialized files (Serialized files now loaded: 0)
System memory in use before: 101.5 MB.
System memory in use after: 101.6 MB.

Unloading 13 unused Assets to reduce memory usage. Loaded Objects now: 2836.
Total: 5.001000 ms (FindLiveObjects: 0.647300 ms CreateObjectMapping: 0.272300 ms MarkObjects: 3.855000 ms  DeleteObjects: 0.224700 ms)

========================================================================
Received Prepare
Registering precompiled user dll's ...
Registered in 0.001096 seconds.
Begin MonoManager ReloadAssembly
Native extension for WindowsStandalone target not found
Refreshing native plugins compatible for Editor in 0.45 ms, found 1 plugins.
Preloading 0 native plugins for Editor in 0.00 ms.
Invoked RoslynAnalysisRunner static constructor.
RoslynAnalysisRunner will not be running.
RoslynAnalysisRunner has terminated.
Mono: successfully reloaded assembly
- Completed reload, in  0.971 seconds
Platform modules already initialized, skipping
Refreshing native plugins compatible for Editor in 0.58 ms, found 1 plugins.
Preloading 0 native plugins for Editor in 0.00 ms.
Unloading 2265 Unused Serialized files (Serialized files now loaded: 0)
System memory in use before: 101.5 MB.
System memory in use after: 101.6 MB.

Unloading 13 unused Assets to reduce memory usage. Loaded Objects now: 2840.
Total: 2.876800 ms (FindLiveObjects: 0.695100 ms CreateObjectMapping: 0.090200 ms MarkObjects: 1.956400 ms  DeleteObjects: 0.133700 ms)

========================================================================
Received Prepare
Registering precompiled user dll's ...
Registered in 0.001486 seconds.
Begin MonoManager ReloadAssembly
Native extension for WindowsStandalone target not found
Refreshing native plugins compatible for Editor in 0.43 ms, found 1 plugins.
Preloading 0 native plugins for Editor in 0.00 ms.
Invoked RoslynAnalysisRunner static constructor.
RoslynAnalysisRunner will not be running.
RoslynAnalysisRunner has terminated.
Mono: successfully reloaded assembly
- Completed reload, in  0.939 seconds
Platform modules already initialized, skipping
Refreshing native plugins compatible for Editor in 0.64 ms, found 1 plugins.
Preloading 0 native plugins for Editor in 0.00 ms.
Unloading 2265 Unused Serialized files (Serialized files now loaded: 0)
System memory in use before: 101.5 MB.
System memory in use after: 101.6 MB.

Unloading 13 unused Assets to reduce memory usage. Loaded Objects now: 2844.
Total: 3.768000 ms (FindLiveObjects: 0.433400 ms CreateObjectMapping: 0.113400 ms MarkObjects: 3.010600 ms  DeleteObjects: 0.209600 ms)

========================================================================
Received Prepare
Registering precompiled user dll's ...
Registered in 0.001139 seconds.
Begin MonoManager ReloadAssembly
Native extension for WindowsStandalone target not found
Refreshing native plugins compatible for Editor in 0.43 ms, found 1 plugins.
Preloading 0 native plugins for Editor in 0.00 ms.
Invoked RoslynAnalysisRunner static constructor.
RoslynAnalysisRunner will not be running.
RoslynAnalysisRunner has terminated.
Mono: successfully reloaded assembly
- Completed reload, in  1.029 seconds
Platform modules already initialized, skipping
Refreshing native plugins compatible for Editor in 0.50 ms, found 1 plugins.
Preloading 0 native plugins for Editor in 0.00 ms.
Unloading 2265 Unused Serialized files (Serialized files now loaded: 0)
System memory in use before: 101.5 MB.
System memory in use after: 101.6 MB.

Unloading 13 unused Assets to reduce memory usage. Loaded Objects now: 2848.
Total: 3.986400 ms (FindLiveObjects: 0.531800 ms CreateObjectMapping: 0.225000 ms MarkObjects: 3.127000 ms  DeleteObjects: 0.101400 ms)

========================================================================
Received Prepare
Registering precompiled user dll's ...
Registered in 0.001060 seconds.
Begin MonoManager ReloadAssembly
Native extension for WindowsStandalone target not found
Refreshing native plugins compatible for Editor in 0.42 ms, found 1 plugins.
Preloading 0 native plugins for Editor in 0.00 ms.
Invoked RoslynAnalysisRunner static constructor.
RoslynAnalysisRunner will not be running.
RoslynAnalysisRunner has terminated.
Mono: successfully reloaded assembly
- Completed reload, in  0.973 seconds
Platform modules already initialized, skipping
Refreshing native plugins compatible for Editor in 0.49 ms, found 1 plugins.
Preloading 0 native plugins for Editor in 0.00 ms.
Unloading 2265 Unused Serialized files (Serialized files now loaded: 0)
System memory in use before: 101.5 MB.
System memory in use after: 101.6 MB.

Unloading 13 unused Assets to reduce memory usage. Loaded Objects now: 2852.
Total: 2.855000 ms (FindLiveObjects: 0.336700 ms CreateObjectMapping: 0.087200 ms MarkObjects: 2.337700 ms  DeleteObjects: 0.092500 ms)

========================================================================
Received Prepare
Registering precompiled user dll's ...
Registered in 0.001070 seconds.
Begin MonoManager ReloadAssembly
Native extension for WindowsStandalone target not found
Refreshing native plugins compatible for Editor in 0.45 ms, found 1 plugins.
Preloading 0 native plugins for Editor in 0.00 ms.
Invoked RoslynAnalysisRunner static constructor.
RoslynAnalysisRunner will not be running.
RoslynAnalysisRunner has terminated.
Mono: successfully reloaded assembly
- Completed reload, in  0.956 seconds
Platform modules already initialized, skipping
Refreshing native plugins compatible for Editor in 0.58 ms, found 1 plugins.
Preloading 0 native plugins for Editor in 0.00 ms.
Unloading 2265 Unused Serialized files (Serialized files now loaded: 0)
System memory in use before: 101.5 MB.
System memory in use after: 101.6 MB.

Unloading 13 unused Assets to reduce memory usage. Loaded Objects now: 2856.
Total: 3.169000 ms (FindLiveObjects: 0.481400 ms CreateObjectMapping: 0.123900 ms MarkObjects: 2.367200 ms  DeleteObjects: 0.195400 ms)

========================================================================
Received Prepare
Registering precompiled user dll's ...
Registered in 0.001097 seconds.
Begin MonoManager ReloadAssembly
Native extension for WindowsStandalone target not found
Refreshing native plugins compatible for Editor in 0.41 ms, found 1 plugins.
Preloading 0 native plugins for Editor in 0.00 ms.
Invoked RoslynAnalysisRunner static constructor.
RoslynAnalysisRunner will not be running.
RoslynAnalysisRunner has terminated.
Mono: successfully reloaded assembly
- Completed reload, in  0.943 seconds
Platform modules already initialized, skipping
Refreshing native plugins compatible for Editor in 0.50 ms, found 1 plugins.
Preloading 0 native plugins for Editor in 0.00 ms.
Unloading 2265 Unused Serialized files (Serialized files now loaded: 0)
System memory in use before: 101.5 MB.
System memory in use after: 101.6 MB.

Unloading 13 unused Assets to reduce memory usage. Loaded Objects now: 2860.
Total: 4.414700 ms (FindLiveObjects: 0.332000 ms CreateObjectMapping: 0.105200 ms MarkObjects: 3.740000 ms  DeleteObjects: 0.236600 ms)

========================================================================
Received Prepare
Registering precompiled user dll's ...
Registered in 0.001181 seconds.
Begin MonoManager ReloadAssembly
Native extension for WindowsStandalone target not found
Refreshing native plugins compatible for Editor in 0.46 ms, found 1 plugins.
Preloading 0 native plugins for Editor in 0.00 ms.
Invoked RoslynAnalysisRunner static constructor.
RoslynAnalysisRunner will not be running.
RoslynAnalysisRunner has terminated.
Mono: successfully reloaded assembly
- Completed reload, in  0.950 seconds
Platform modules already initialized, skipping
Refreshing native plugins compatible for Editor in 0.55 ms, found 1 plugins.
Preloading 0 native plugins for Editor in 0.00 ms.
Unloading 2265 Unused Serialized files (Serialized files now loaded: 0)
System memory in use before: 101.5 MB.
System memory in use after: 101.6 MB.

Unloading 13 unused Assets to reduce memory usage. Loaded Objects now: 2864.
Total: 2.863300 ms (FindLiveObjects: 0.384100 ms CreateObjectMapping: 0.107600 ms MarkObjects: 2.198300 ms  DeleteObjects: 0.155100 ms)

========================================================================
Received Prepare
Registering precompiled user dll's ...
Registered in 0.001257 seconds.
Begin MonoManager ReloadAssembly
Native extension for WindowsStandalone target not found
Refreshing native plugins compatible for Editor in 0.97 ms, found 1 plugins.
Preloading 0 native plugins for Editor in 0.00 ms.
Invoked RoslynAnalysisRunner static constructor.
RoslynAnalysisRunner will not be running.
RoslynAnalysisRunner has terminated.
Mono: successfully reloaded assembly
- Completed reload, in  0.947 seconds
Platform modules already initialized, skipping
Refreshing native plugins compatible for Editor in 0.49 ms, found 1 plugins.
Preloading 0 native plugins for Editor in 0.00 ms.
Unloading 2265 Unused Serialized files (Serialized files now loaded: 0)
System memory in use before: 101.6 MB.
System memory in use after: 101.7 MB.

Unloading 13 unused Assets to reduce memory usage. Loaded Objects now: 2868.
Total: 4.220100 ms (FindLiveObjects: 0.602400 ms CreateObjectMapping: 0.251700 ms MarkObjects: 3.217900 ms  DeleteObjects: 0.147100 ms)

========================================================================
Received Prepare
Registering precompiled user dll's ...
Registered in 0.001637 seconds.
Begin MonoManager ReloadAssembly
Native extension for WindowsStandalone target not found
Refreshing native plugins compatible for Editor in 0.43 ms, found 1 plugins.
Preloading 0 native plugins for Editor in 0.00 ms.
Invoked RoslynAnalysisRunner static constructor.
RoslynAnalysisRunner will not be running.
RoslynAnalysisRunner has terminated.
Mono: successfully reloaded assembly
- Completed reload, in  0.942 seconds
Platform modules already initialized, skipping
Refreshing native plugins compatible for Editor in 0.48 ms, found 1 plugins.
Preloading 0 native plugins for Editor in 0.00 ms.
Unloading 2265 Unused Serialized files (Serialized files now loaded: 0)
System memory in use before: 101.6 MB.
System memory in use after: 101.7 MB.

Unloading 13 unused Assets to reduce memory usage. Loaded Objects now: 2872.
Total: 2.654800 ms (FindLiveObjects: 0.279300 ms CreateObjectMapping: 0.084400 ms MarkObjects: 2.145800 ms  DeleteObjects: 0.144600 ms)

========================================================================
Received Prepare
Registering precompiled user dll's ...
Registered in 0.001065 seconds.
Begin MonoManager ReloadAssembly
Native extension for WindowsStandalone target not found
Refreshing native plugins compatible for Editor in 0.44 ms, found 1 plugins.
Preloading 0 native plugins for Editor in 0.00 ms.
Invoked RoslynAnalysisRunner static constructor.
RoslynAnalysisRunner will not be running.
RoslynAnalysisRunner has terminated.
Mono: successfully reloaded assembly
- Completed reload, in  0.934 seconds
Platform modules already initialized, skipping
Refreshing native plugins compatible for Editor in 0.63 ms, found 1 plugins.
Preloading 0 native plugins for Editor in 0.00 ms.
Unloading 2265 Unused Serialized files (Serialized files now loaded: 0)
System memory in use before: 101.6 MB.
System memory in use after: 101.7 MB.

Unloading 13 unused Assets to reduce memory usage. Loaded Objects now: 2876.
Total: 3.118800 ms (FindLiveObjects: 0.284400 ms CreateObjectMapping: 0.099800 ms MarkObjects: 2.574500 ms  DeleteObjects: 0.159300 ms)

========================================================================
Received Prepare
Registering precompiled user dll's ...
Registered in 0.001120 seconds.
Begin MonoManager ReloadAssembly
Native extension for WindowsStandalone target not found
Refreshing native plugins compatible for Editor in 0.43 ms, found 1 plugins.
Preloading 0 native plugins for Editor in 0.00 ms.
Invoked RoslynAnalysisRunner static constructor.
RoslynAnalysisRunner will not be running.
RoslynAnalysisRunner has terminated.
Mono: successfully reloaded assembly
- Completed reload, in  0.952 seconds
Platform modules already initialized, skipping
Refreshing native plugins compatible for Editor in 0.59 ms, found 1 plugins.
Preloading 0 native plugins for Editor in 0.00 ms.
Unloading 2265 Unused Serialized files (Serialized files now loaded: 0)
System memory in use before: 101.6 MB.
System memory in use after: 101.7 MB.

Unloading 13 unused Assets to reduce memory usage. Loaded Objects now: 2880.
Total: 2.998800 ms (FindLiveObjects: 0.369700 ms CreateObjectMapping: 0.176800 ms MarkObjects: 2.323600 ms  DeleteObjects: 0.127800 ms)

========================================================================
Received Prepare
Registering precompiled user dll's ...
Registered in 0.001234 seconds.
Begin MonoManager ReloadAssembly
Native extension for WindowsStandalone target not found
Refreshing native plugins compatible for Editor in 0.45 ms, found 1 plugins.
Preloading 0 native plugins for Editor in 0.00 ms.
Invoked RoslynAnalysisRunner static constructor.
RoslynAnalysisRunner will not be running.
RoslynAnalysisRunner has terminated.
Mono: successfully reloaded assembly
- Completed reload, in  0.928 seconds
Platform modules already initialized, skipping
Refreshing native plugins compatible for Editor in 0.66 ms, found 1 plugins.
Preloading 0 native plugins for Editor in 0.00 ms.
Unloading 2265 Unused Serialized files (Serialized files now loaded: 0)
System memory in use before: 101.6 MB.
System memory in use after: 101.7 MB.

Unloading 13 unused Assets to reduce memory usage. Loaded Objects now: 2884.
Total: 3.362100 ms (FindLiveObjects: 0.421900 ms CreateObjectMapping: 0.188700 ms MarkObjects: 2.624400 ms  DeleteObjects: 0.126100 ms)

========================================================================
Received Prepare
Registering precompiled user dll's ...
Registered in 0.001035 seconds.
Begin MonoManager ReloadAssembly
Native extension for WindowsStandalone target not found
Refreshing native plugins compatible for Editor in 0.44 ms, found 1 plugins.
Preloading 0 native plugins for Editor in 0.00 ms.
Invoked RoslynAnalysisRunner static constructor.
RoslynAnalysisRunner will not be running.
RoslynAnalysisRunner has terminated.
Mono: successfully reloaded assembly
- Completed reload, in  0.957 seconds
Platform modules already initialized, skipping
Refreshing native plugins compatible for Editor in 0.47 ms, found 1 plugins.
Preloading 0 native plugins for Editor in 0.00 ms.
Unloading 2265 Unused Serialized files (Serialized files now loaded: 0)
System memory in use before: 101.6 MB.
System memory in use after: 101.7 MB.

Unloading 13 unused Assets to reduce memory usage. Loaded Objects now: 2888.
Total: 5.072300 ms (FindLiveObjects: 0.445900 ms CreateObjectMapping: 0.150900 ms MarkObjects: 4.249400 ms  DeleteObjects: 0.224600 ms)

========================================================================
Received Prepare
Registering precompiled user dll's ...
Registered in 0.001080 seconds.
Begin MonoManager ReloadAssembly
Native extension for WindowsStandalone target not found
Refreshing native plugins compatible for Editor in 0.40 ms, found 1 plugins.
Preloading 0 native plugins for Editor in 0.00 ms.
Invoked RoslynAnalysisRunner static constructor.
RoslynAnalysisRunner will not be running.
RoslynAnalysisRunner has terminated.
Mono: successfully reloaded assembly
- Completed reload, in  0.936 seconds
Platform modules already initialized, skipping
Refreshing native plugins compatible for Editor in 0.50 ms, found 1 plugins.
Preloading 0 native plugins for Editor in 0.00 ms.
Unloading 2265 Unused Serialized files (Serialized files now loaded: 0)
System memory in use before: 101.6 MB.
System memory in use after: 101.7 MB.

Unloading 13 unused Assets to reduce memory usage. Loaded Objects now: 2892.
Total: 3.570800 ms (FindLiveObjects: 0.452300 ms CreateObjectMapping: 0.189300 ms MarkObjects: 2.779600 ms  DeleteObjects: 0.148800 ms)

========================================================================
Received Prepare
Registering precompiled user dll's ...
Registered in 0.002182 seconds.
Begin MonoManager ReloadAssembly
Native extension for WindowsStandalone target not found
Refreshing native plugins compatible for Editor in 0.58 ms, found 1 plugins.
Preloading 0 native plugins for Editor in 0.00 ms.
Invoked RoslynAnalysisRunner static constructor.
RoslynAnalysisRunner will not be running.
RoslynAnalysisRunner has terminated.
Mono: successfully reloaded assembly
- Completed reload, in  0.945 seconds
Platform modules already initialized, skipping
Refreshing native plugins compatible for Editor in 0.49 ms, found 1 plugins.
Preloading 0 native plugins for Editor in 0.00 ms.
Unloading 2265 Unused Serialized files (Serialized files now loaded: 0)
System memory in use before: 101.6 MB.
System memory in use after: 101.7 MB.

Unloading 13 unused Assets to reduce memory usage. Loaded Objects now: 2896.
Total: 2.947800 ms (FindLiveObjects: 0.340400 ms CreateObjectMapping: 0.120800 ms MarkObjects: 2.387500 ms  DeleteObjects: 0.098200 ms)

========================================================================
Received Prepare
Registering precompiled user dll's ...
Registered in 0.001109 seconds.
Begin MonoManager ReloadAssembly
Native extension for WindowsStandalone target not found
Refreshing native plugins compatible for Editor in 0.39 ms, found 1 plugins.
Preloading 0 native plugins for Editor in 0.00 ms.
Invoked RoslynAnalysisRunner static constructor.
RoslynAnalysisRunner will not be running.
RoslynAnalysisRunner has terminated.
Mono: successfully reloaded assembly
- Completed reload, in  0.938 seconds
Platform modules already initialized, skipping
Refreshing native plugins compatible for Editor in 0.50 ms, found 1 plugins.
Preloading 0 native plugins for Editor in 0.00 ms.
Unloading 2265 Unused Serialized files (Serialized files now loaded: 0)
System memory in use before: 101.6 MB.
System memory in use after: 101.7 MB.

Unloading 13 unused Assets to reduce memory usage. Loaded Objects now: 2900.
Total: 2.598500 ms (FindLiveObjects: 0.318700 ms CreateObjectMapping: 0.099300 ms MarkObjects: 2.018900 ms  DeleteObjects: 0.161100 ms)

========================================================================
Received Prepare
Registering precompiled user dll's ...
Registered in 0.001010 seconds.
Begin MonoManager ReloadAssembly
Native extension for WindowsStandalone target not found
Refreshing native plugins compatible for Editor in 0.53 ms, found 1 plugins.
Preloading 0 native plugins for Editor in 0.00 ms.
Invoked RoslynAnalysisRunner static constructor.
RoslynAnalysisRunner will not be running.
RoslynAnalysisRunner has terminated.
Mono: successfully reloaded assembly
- Completed reload, in  1.002 seconds
Platform modules already initialized, skipping
Refreshing native plugins compatible for Editor in 0.51 ms, found 1 plugins.
Preloading 0 native plugins for Editor in 0.00 ms.
Unloading 2265 Unused Serialized files (Serialized files now loaded: 0)
System memory in use before: 101.7 MB.
System memory in use after: 101.8 MB.

Unloading 13 unused Assets to reduce memory usage. Loaded Objects now: 2904.
Total: 2.668600 ms (FindLiveObjects: 0.332800 ms CreateObjectMapping: 0.112700 ms MarkObjects: 2.085000 ms  DeleteObjects: 0.137400 ms)

========================================================================
Received Prepare
Registering precompiled user dll's ...
Registered in 0.001450 seconds.
Begin MonoManager ReloadAssembly
Native extension for WindowsStandalone target not found
Refreshing native plugins compatible for Editor in 0.44 ms, found 1 plugins.
Preloading 0 native plugins for Editor in 0.00 ms.
Invoked RoslynAnalysisRunner static constructor.
RoslynAnalysisRunner will not be running.
RoslynAnalysisRunner has terminated.
Mono: successfully reloaded assembly
- Completed reload, in  0.946 seconds
Platform modules already initialized, skipping
Refreshing native plugins compatible for Editor in 0.44 ms, found 1 plugins.
Preloading 0 native plugins for Editor in 0.00 ms.
Unloading 2265 Unused Serialized files (Serialized files now loaded: 0)
System memory in use before: 101.7 MB.
System memory in use after: 101.8 MB.

Unloading 13 unused Assets to reduce memory usage. Loaded Objects now: 2908.
Total: 4.587200 ms (FindLiveObjects: 0.778400 ms CreateObjectMapping: 0.251400 ms MarkObjects: 3.359200 ms  DeleteObjects: 0.197300 ms)

========================================================================
Received Prepare
Registering precompiled user dll's ...
Registered in 0.001020 seconds.
Begin MonoManager ReloadAssembly
Native extension for WindowsStandalone target not found
Refreshing native plugins compatible for Editor in 0.54 ms, found 1 plugins.
Preloading 0 native plugins for Editor in 0.00 ms.
Invoked RoslynAnalysisRunner static constructor.
RoslynAnalysisRunner will not be running.
RoslynAnalysisRunner has terminated.
Mono: successfully reloaded assembly
- Completed reload, in  0.950 seconds
Platform modules already initialized, skipping
Refreshing native plugins compatible for Editor in 0.55 ms, found 1 plugins.
Preloading 0 native plugins for Editor in 0.00 ms.
Unloading 2265 Unused Serialized files (Serialized files now loaded: 0)
System memory in use before: 101.7 MB.
System memory in use after: 101.8 MB.

Unloading 13 unused Assets to reduce memory usage. Loaded Objects now: 2912.
Total: 2.504900 ms (FindLiveObjects: 0.379000 ms CreateObjectMapping: 0.134500 ms MarkObjects: 1.895700 ms  DeleteObjects: 0.094600 ms)

========================================================================
Received Prepare
Registering precompiled user dll's ...
Registered in 0.001056 seconds.
Begin MonoManager ReloadAssembly
Native extension for WindowsStandalone target not found
Refreshing native plugins compatible for Editor in 0.44 ms, found 1 plugins.
Preloading 0 native plugins for Editor in 0.00 ms.
Invoked RoslynAnalysisRunner static constructor.
RoslynAnalysisRunner will not be running.
RoslynAnalysisRunner has terminated.
Mono: successfully reloaded assembly
- Completed reload, in  0.932 seconds
Platform modules already initialized, skipping
Refreshing native plugins compatible for Editor in 0.53 ms, found 1 plugins.
Preloading 0 native plugins for Editor in 0.00 ms.
Unloading 2265 Unused Serialized files (Serialized files now loaded: 0)
System memory in use before: 101.7 MB.
System memory in use after: 101.8 MB.

Unloading 13 unused Assets to reduce memory usage. Loaded Objects now: 2916.
Total: 4.990700 ms (FindLiveObjects: 0.493700 ms CreateObjectMapping: 0.188800 ms MarkObjects: 4.108300 ms  DeleteObjects: 0.199100 ms)

========================================================================
Received Prepare
Registering precompiled user dll's ...
Registered in 0.001747 seconds.
Begin MonoManager ReloadAssembly
Native extension for WindowsStandalone target not found
Refreshing native plugins compatible for Editor in 0.44 ms, found 1 plugins.
Preloading 0 native plugins for Editor in 0.00 ms.
Invoked RoslynAnalysisRunner static constructor.
RoslynAnalysisRunner will not be running.
RoslynAnalysisRunner has terminated.
Mono: successfully reloaded assembly
- Completed reload, in  0.941 seconds
Platform modules already initialized, skipping
Refreshing native plugins compatible for Editor in 0.48 ms, found 1 plugins.
Preloading 0 native plugins for Editor in 0.00 ms.
Unloading 2265 Unused Serialized files (Serialized files now loaded: 0)
System memory in use before: 101.7 MB.
System memory in use after: 101.8 MB.

Unloading 13 unused Assets to reduce memory usage. Loaded Objects now: 2920.
Total: 2.686700 ms (FindLiveObjects: 0.356900 ms CreateObjectMapping: 0.113700 ms MarkObjects: 2.053700 ms  DeleteObjects: 0.161700 ms)

========================================================================
Received Prepare
Registering precompiled user dll's ...
Registered in 0.001473 seconds.
Begin MonoManager ReloadAssembly
Native extension for WindowsStandalone target not found
Refreshing native plugins compatible for Editor in 0.47 ms, found 1 plugins.
Preloading 0 native plugins for Editor in 0.00 ms.
Invoked RoslynAnalysisRunner static constructor.
RoslynAnalysisRunner will not be running.
RoslynAnalysisRunner has terminated.
Mono: successfully reloaded assembly
- Completed reload, in  0.947 seconds
Platform modules already initialized, skipping
Refreshing native plugins compatible for Editor in 0.54 ms, found 1 plugins.
Preloading 0 native plugins for Editor in 0.00 ms.
Unloading 2265 Unused Serialized files (Serialized files now loaded: 0)
System memory in use before: 101.7 MB.
System memory in use after: 101.8 MB.

Unloading 13 unused Assets to reduce memory usage. Loaded Objects now: 2924.
Total: 3.043500 ms (FindLiveObjects: 0.435300 ms CreateObjectMapping: 0.136800 ms MarkObjects: 2.341300 ms  DeleteObjects: 0.128900 ms)

========================================================================
Received Prepare
Registering precompiled user dll's ...
Registered in 0.001497 seconds.
Begin MonoManager ReloadAssembly
Native extension for WindowsStandalone target not found
Refreshing native plugins compatible for Editor in 0.47 ms, found 1 plugins.
Preloading 0 native plugins for Editor in 0.00 ms.
Invoked RoslynAnalysisRunner static constructor.
RoslynAnalysisRunner will not be running.
RoslynAnalysisRunner has terminated.
Mono: successfully reloaded assembly
- Completed reload, in  0.949 seconds
Platform modules already initialized, skipping
Refreshing native plugins compatible for Editor in 0.58 ms, found 1 plugins.
Preloading 0 native plugins for Editor in 0.00 ms.
Unloading 2265 Unused Serialized files (Serialized files now loaded: 0)
System memory in use before: 101.7 MB.
System memory in use after: 101.8 MB.

Unloading 13 unused Assets to reduce memory usage. Loaded Objects now: 2928.
Total: 3.313300 ms (FindLiveObjects: 0.546800 ms CreateObjectMapping: 0.147300 ms MarkObjects: 2.442500 ms  DeleteObjects: 0.175700 ms)

========================================================================
Received Prepare
Registering precompiled user dll's ...
Registered in 0.001577 seconds.
Begin MonoManager ReloadAssembly
Native extension for WindowsStandalone target not found
Refreshing native plugins compatible for Editor in 0.48 ms, found 1 plugins.
Preloading 0 native plugins for Editor in 0.00 ms.
Invoked RoslynAnalysisRunner static constructor.
RoslynAnalysisRunner will not be running.
RoslynAnalysisRunner has terminated.
Mono: successfully reloaded assembly
- Completed reload, in  0.946 seconds
Platform modules already initialized, skipping
Refreshing native plugins compatible for Editor in 0.51 ms, found 1 plugins.
Preloading 0 native plugins for Editor in 0.00 ms.
Unloading 2265 Unused Serialized files (Serialized files now loaded: 0)
System memory in use before: 101.7 MB.
System memory in use after: 101.8 MB.

Unloading 13 unused Assets to reduce memory usage. Loaded Objects now: 2932.
Total: 3.552300 ms (FindLiveObjects: 0.490900 ms CreateObjectMapping: 0.166800 ms MarkObjects: 2.715800 ms  DeleteObjects: 0.178000 ms)

========================================================================
Received Prepare
Registering precompiled user dll's ...
Registered in 0.001990 seconds.
Begin MonoManager ReloadAssembly
Native extension for WindowsStandalone target not found
Refreshing native plugins compatible for Editor in 0.46 ms, found 1 plugins.
Preloading 0 native plugins for Editor in 0.00 ms.
Invoked RoslynAnalysisRunner static constructor.
RoslynAnalysisRunner will not be running.
RoslynAnalysisRunner has terminated.
Mono: successfully reloaded assembly
- Completed reload, in  1.010 seconds
Platform modules already initialized, skipping
Refreshing native plugins compatible for Editor in 0.54 ms, found 1 plugins.
Preloading 0 native plugins for Editor in 0.00 ms.
Unloading 2265 Unused Serialized files (Serialized files now loaded: 0)
System memory in use before: 101.7 MB.
System memory in use after: 101.8 MB.

Unloading 13 unused Assets to reduce memory usage. Loaded Objects now: 2936.
Total: 3.321600 ms (FindLiveObjects: 0.311400 ms CreateObjectMapping: 0.126100 ms MarkObjects: 2.732600 ms  DeleteObjects: 0.150300 ms)

========================================================================
Received Prepare
Registering precompiled user dll's ...
Registered in 0.001505 seconds.
Begin MonoManager ReloadAssembly
Native extension for WindowsStandalone target not found
Refreshing native plugins compatible for Editor in 0.51 ms, found 1 plugins.
Preloading 0 native plugins for Editor in 0.00 ms.
Invoked RoslynAnalysisRunner static constructor.
RoslynAnalysisRunner will not be running.
RoslynAnalysisRunner has terminated.
Mono: successfully reloaded assembly
- Completed reload, in  0.932 seconds
Platform modules already initialized, skipping
Refreshing native plugins compatible for Editor in 0.53 ms, found 1 plugins.
Preloading 0 native plugins for Editor in 0.00 ms.
Unloading 2265 Unused Serialized files (Serialized files now loaded: 0)
System memory in use before: 101.7 MB.
System memory in use after: 101.8 MB.

Unloading 13 unused Assets to reduce memory usage. Loaded Objects now: 2940.
Total: 3.580100 ms (FindLiveObjects: 0.525700 ms CreateObjectMapping: 0.243700 ms MarkObjects: 2.643200 ms  DeleteObjects: 0.166100 ms)

========================================================================
Received Prepare
Registering precompiled user dll's ...
Registered in 0.001066 seconds.
Begin MonoManager ReloadAssembly
Native extension for WindowsStandalone target not found
Refreshing native plugins compatible for Editor in 0.63 ms, found 1 plugins.
Preloading 0 native plugins for Editor in 0.00 ms.
Invoked RoslynAnalysisRunner static constructor.
RoslynAnalysisRunner will not be running.
RoslynAnalysisRunner has terminated.
Mono: successfully reloaded assembly
- Completed reload, in  0.948 seconds
Platform modules already initialized, skipping
Refreshing native plugins compatible for Editor in 0.47 ms, found 1 plugins.
Preloading 0 native plugins for Editor in 0.00 ms.
Unloading 2265 Unused Serialized files (Serialized files now loaded: 0)
System memory in use before: 101.8 MB.
System memory in use after: 101.8 MB.

Unloading 13 unused Assets to reduce memory usage. Loaded Objects now: 2944.
Total: 3.296900 ms (FindLiveObjects: 0.459300 ms CreateObjectMapping: 0.127500 ms MarkObjects: 2.543700 ms  DeleteObjects: 0.165400 ms)

========================================================================
Received Prepare
Registering precompiled user dll's ...
Registered in 0.001010 seconds.
Begin MonoManager ReloadAssembly
Native extension for WindowsStandalone target not found
Refreshing native plugins compatible for Editor in 0.76 ms, found 1 plugins.
Preloading 0 native plugins for Editor in 0.00 ms.
Invoked RoslynAnalysisRunner static constructor.
RoslynAnalysisRunner will not be running.
RoslynAnalysisRunner has terminated.
Mono: successfully reloaded assembly
- Completed reload, in  0.941 seconds
Platform modules already initialized, skipping
Refreshing native plugins compatible for Editor in 0.89 ms, found 1 plugins.
Preloading 0 native plugins for Editor in 0.00 ms.
Unloading 2265 Unused Serialized files (Serialized files now loaded: 0)
System memory in use before: 101.8 MB.
System memory in use after: 101.9 MB.

Unloading 13 unused Assets to reduce memory usage. Loaded Objects now: 2948.
Total: 3.035600 ms (FindLiveObjects: 0.368100 ms CreateObjectMapping: 0.169800 ms MarkObjects: 2.304900 ms  DeleteObjects: 0.191900 ms)

========================================================================
Received Prepare
Registering precompiled user dll's ...
Registered in 0.001095 seconds.
Begin MonoManager ReloadAssembly
Native extension for WindowsStandalone target not found
Refreshing native plugins compatible for Editor in 0.50 ms, found 1 plugins.
Preloading 0 native plugins for Editor in 0.00 ms.
Invoked RoslynAnalysisRunner static constructor.
RoslynAnalysisRunner will not be running.
RoslynAnalysisRunner has terminated.
Mono: successfully reloaded assembly
- Completed reload, in  0.942 seconds
Platform modules already initialized, skipping
Refreshing native plugins compatible for Editor in 0.50 ms, found 1 plugins.
Preloading 0 native plugins for Editor in 0.00 ms.
Unloading 2265 Unused Serialized files (Serialized files now loaded: 0)
System memory in use before: 101.8 MB.
System memory in use after: 101.9 MB.

Unloading 13 unused Assets to reduce memory usage. Loaded Objects now: 2952.
Total: 3.278500 ms (FindLiveObjects: 0.399800 ms CreateObjectMapping: 0.124100 ms MarkObjects: 2.568000 ms  DeleteObjects: 0.185600 ms)

========================================================================
Received Import Request.
  Time since last request: 3821.996084 seconds.
  path: ProjectSettings/TagManager.asset
  artifactKey: Guid(00000000000000003000000000000000) Importer(815301076,1909f56bfc062723c751e8b465ee728b)
Start importing ProjectSettings/TagManager.asset using Guid(00000000000000003000000000000000) Importer(815301076,1909f56bfc062723c751e8b465ee728b)  -> (artifact id: 'df78c703a946c53c9761d3f4e4005084') in 0.028022 seconds
  Import took 0.033476 seconds .

========================================================================
Received Prepare
Registering precompiled user dll's ...
Registered in 0.001117 seconds.
Begin MonoManager ReloadAssembly
Native extension for WindowsStandalone target not found
Refreshing native plugins compatible for Editor in 0.46 ms, found 1 plugins.
Preloading 0 native plugins for Editor in 0.00 ms.
Invoked RoslynAnalysisRunner static constructor.
RoslynAnalysisRunner will not be running.
RoslynAnalysisRunner has terminated.
Mono: successfully reloaded assembly
- Completed reload, in  0.934 seconds
Platform modules already initialized, skipping
Refreshing native plugins compatible for Editor in 0.66 ms, found 1 plugins.
Preloading 0 native plugins for Editor in 0.00 ms.
Unloading 2265 Unused Serialized files (Serialized files now loaded: 0)
System memory in use before: 101.8 MB.
System memory in use after: 101.9 MB.

Unloading 14 unused Assets to reduce memory usage. Loaded Objects now: 2956.
Total: 3.363200 ms (FindLiveObjects: 0.458100 ms CreateObjectMapping: 0.120900 ms MarkObjects: 2.629200 ms  DeleteObjects: 0.153900 ms)

========================================================================
Received Prepare
Registering precompiled user dll's ...
Registered in 0.001251 seconds.
Begin MonoManager ReloadAssembly
Native extension for WindowsStandalone target not found
Refreshing native plugins compatible for Editor in 0.46 ms, found 1 plugins.
Preloading 0 native plugins for Editor in 0.00 ms.
Invoked RoslynAnalysisRunner static constructor.
RoslynAnalysisRunner will not be running.
RoslynAnalysisRunner has terminated.
Mono: successfully reloaded assembly
- Completed reload, in  0.940 seconds
Platform modules already initialized, skipping
Refreshing native plugins compatible for Editor in 0.59 ms, found 1 plugins.
Preloading 0 native plugins for Editor in 0.00 ms.
Unloading 2265 Unused Serialized files (Serialized files now loaded: 0)
System memory in use before: 101.8 MB.
System memory in use after: 101.9 MB.

Unloading 13 unused Assets to reduce memory usage. Loaded Objects now: 2960.
Total: 2.955500 ms (FindLiveObjects: 0.364100 ms CreateObjectMapping: 0.110600 ms MarkObjects: 2.310100 ms  DeleteObjects: 0.169800 ms)

========================================================================
Received Prepare
Registering precompiled user dll's ...
Registered in 0.001094 seconds.
Begin MonoManager ReloadAssembly
Native extension for WindowsStandalone target not found
Refreshing native plugins compatible for Editor in 0.46 ms, found 1 plugins.
Preloading 0 native plugins for Editor in 0.00 ms.
Invoked RoslynAnalysisRunner static constructor.
RoslynAnalysisRunner will not be running.
RoslynAnalysisRunner has terminated.
Mono: successfully reloaded assembly
- Completed reload, in  0.921 seconds
Platform modules already initialized, skipping
Refreshing native plugins compatible for Editor in 0.56 ms, found 1 plugins.
Preloading 0 native plugins for Editor in 0.00 ms.
Unloading 2265 Unused Serialized files (Serialized files now loaded: 0)
System memory in use before: 101.8 MB.
System memory in use after: 101.9 MB.

Unloading 13 unused Assets to reduce memory usage. Loaded Objects now: 2964.
Total: 3.514600 ms (FindLiveObjects: 0.501600 ms CreateObjectMapping: 0.229100 ms MarkObjects: 2.595700 ms  DeleteObjects: 0.186900 ms)

========================================================================
Received Prepare
Registering precompiled user dll's ...
Registered in 0.001300 seconds.
Begin MonoManager ReloadAssembly
Native extension for WindowsStandalone target not found
Refreshing native plugins compatible for Editor in 0.60 ms, found 1 plugins.
Preloading 0 native plugins for Editor in 0.00 ms.
Invoked RoslynAnalysisRunner static constructor.
RoslynAnalysisRunner will not be running.
RoslynAnalysisRunner has terminated.
Mono: successfully reloaded assembly
- Completed reload, in  0.981 seconds
Platform modules already initialized, skipping
Refreshing native plugins compatible for Editor in 0.51 ms, found 1 plugins.
Preloading 0 native plugins for Editor in 0.00 ms.
Unloading 2265 Unused Serialized files (Serialized files now loaded: 0)
System memory in use before: 101.8 MB.
System memory in use after: 101.9 MB.

Unloading 13 unused Assets to reduce memory usage. Loaded Objects now: 2968.
Total: 3.315500 ms (FindLiveObjects: 0.612500 ms CreateObjectMapping: 0.231300 ms MarkObjects: 2.311600 ms  DeleteObjects: 0.159100 ms)

========================================================================
Received Prepare
Registering precompiled user dll's ...
Registered in 0.001324 seconds.
Begin MonoManager ReloadAssembly
Native extension for WindowsStandalone target not found
Refreshing native plugins compatible for Editor in 0.47 ms, found 1 plugins.
Preloading 0 native plugins for Editor in 0.00 ms.
Invoked RoslynAnalysisRunner static constructor.
RoslynAnalysisRunner will not be running.
RoslynAnalysisRunner has terminated.
Mono: successfully reloaded assembly
- Completed reload, in  0.949 seconds
Platform modules already initialized, skipping
Refreshing native plugins compatible for Editor in 0.60 ms, found 1 plugins.
Preloading 0 native plugins for Editor in 0.00 ms.
Unloading 2265 Unused Serialized files (Serialized files now loaded: 0)
System memory in use before: 101.8 MB.
System memory in use after: 101.9 MB.

Unloading 13 unused Assets to reduce memory usage. Loaded Objects now: 2972.
Total: 3.276400 ms (FindLiveObjects: 0.571000 ms CreateObjectMapping: 0.163300 ms MarkObjects: 2.361900 ms  DeleteObjects: 0.179000 ms)

========================================================================
Received Prepare
Registering precompiled user dll's ...
Registered in 0.001053 seconds.
Begin MonoManager ReloadAssembly
Native extension for WindowsStandalone target not found
Refreshing native plugins compatible for Editor in 0.46 ms, found 1 plugins.
Preloading 0 native plugins for Editor in 0.00 ms.
Invoked RoslynAnalysisRunner static constructor.
RoslynAnalysisRunner will not be running.
RoslynAnalysisRunner has terminated.
Mono: successfully reloaded assembly
- Completed reload, in  0.985 seconds
Platform modules already initialized, skipping
Refreshing native plugins compatible for Editor in 0.53 ms, found 1 plugins.
Preloading 0 native plugins for Editor in 0.00 ms.
Unloading 2265 Unused Serialized files (Serialized files now loaded: 0)
System memory in use before: 101.8 MB.
System memory in use after: 101.9 MB.

Unloading 13 unused Assets to reduce memory usage. Loaded Objects now: 2976.
Total: 3.096700 ms (FindLiveObjects: 0.377500 ms CreateObjectMapping: 0.176900 ms MarkObjects: 2.374100 ms  DeleteObjects: 0.167000 ms)

========================================================================
Received Prepare
Registering precompiled user dll's ...
Registered in 0.001192 seconds.
Begin MonoManager ReloadAssembly
Native extension for WindowsStandalone target not found
Refreshing native plugins compatible for Editor in 0.64 ms, found 1 plugins.
Preloading 0 native plugins for Editor in 0.00 ms.
Invoked RoslynAnalysisRunner static constructor.
RoslynAnalysisRunner will not be running.
RoslynAnalysisRunner has terminated.
Mono: successfully reloaded assembly
- Completed reload, in  0.968 seconds
Platform modules already initialized, skipping
Refreshing native plugins compatible for Editor in 0.58 ms, found 1 plugins.
Preloading 0 native plugins for Editor in 0.00 ms.
Unloading 2265 Unused Serialized files (Serialized files now loaded: 0)
System memory in use before: 101.8 MB.
System memory in use after: 101.9 MB.

Unloading 13 unused Assets to reduce memory usage. Loaded Objects now: 2980.
Total: 3.193200 ms (FindLiveObjects: 0.534600 ms CreateObjectMapping: 0.152500 ms MarkObjects: 2.347700 ms  DeleteObjects: 0.157400 ms)

========================================================================
Received Prepare
Registering precompiled user dll's ...
Registered in 0.001431 seconds.
Begin MonoManager ReloadAssembly
Native extension for WindowsStandalone target not found
Refreshing native plugins compatible for Editor in 0.48 ms, found 1 plugins.
Preloading 0 native plugins for Editor in 0.00 ms.
Invoked RoslynAnalysisRunner static constructor.
RoslynAnalysisRunner will not be running.
RoslynAnalysisRunner has terminated.
Mono: successfully reloaded assembly
- Completed reload, in  0.941 seconds
Platform modules already initialized, skipping
Refreshing native plugins compatible for Editor in 0.57 ms, found 1 plugins.
Preloading 0 native plugins for Editor in 0.00 ms.
Unloading 2265 Unused Serialized files (Serialized files now loaded: 0)
System memory in use before: 101.9 MB.
System memory in use after: 102.0 MB.

Unloading 13 unused Assets to reduce memory usage. Loaded Objects now: 2984.
Total: 3.093200 ms (FindLiveObjects: 0.357500 ms CreateObjectMapping: 0.150600 ms MarkObjects: 2.416600 ms  DeleteObjects: 0.167400 ms)

========================================================================
Received Prepare
Registering precompiled user dll's ...
Registered in 0.001101 seconds.
Begin MonoManager ReloadAssembly
Native extension for WindowsStandalone target not found
Refreshing native plugins compatible for Editor in 0.41 ms, found 1 plugins.
Preloading 0 native plugins for Editor in 0.00 ms.
Invoked RoslynAnalysisRunner static constructor.
RoslynAnalysisRunner will not be running.
RoslynAnalysisRunner has terminated.
Mono: successfully reloaded assembly
- Completed reload, in  0.955 seconds
Platform modules already initialized, skipping
Refreshing native plugins compatible for Editor in 0.48 ms, found 1 plugins.
Preloading 0 native plugins for Editor in 0.00 ms.
Unloading 2265 Unused Serialized files (Serialized files now loaded: 0)
System memory in use before: 101.9 MB.
System memory in use after: 102.0 MB.

Unloading 13 unused Assets to reduce memory usage. Loaded Objects now: 2988.
Total: 3.339400 ms (FindLiveObjects: 0.478500 ms CreateObjectMapping: 0.204900 ms MarkObjects: 2.483700 ms  DeleteObjects: 0.170800 ms)

========================================================================
Received Prepare
Registering precompiled user dll's ...
Registered in 0.001633 seconds.
Begin MonoManager ReloadAssembly
Native extension for WindowsStandalone target not found
Refreshing native plugins compatible for Editor in 0.44 ms, found 1 plugins.
Preloading 0 native plugins for Editor in 0.00 ms.
Invoked RoslynAnalysisRunner static constructor.
RoslynAnalysisRunner will not be running.
RoslynAnalysisRunner has terminated.
Mono: successfully reloaded assembly
- Completed reload, in  0.971 seconds
Platform modules already initialized, skipping
Refreshing native plugins compatible for Editor in 0.47 ms, found 1 plugins.
Preloading 0 native plugins for Editor in 0.00 ms.
Unloading 2265 Unused Serialized files (Serialized files now loaded: 0)
System memory in use before: 101.9 MB.
System memory in use after: 102.0 MB.

Unloading 13 unused Assets to reduce memory usage. Loaded Objects now: 2992.
Total: 4.110100 ms (FindLiveObjects: 0.341700 ms CreateObjectMapping: 0.136400 ms MarkObjects: 3.490300 ms  DeleteObjects: 0.140500 ms)

========================================================================
Received Prepare
Registering precompiled user dll's ...
Registered in 0.001145 seconds.
Begin MonoManager ReloadAssembly
Native extension for WindowsStandalone target not found
Refreshing native plugins compatible for Editor in 0.55 ms, found 1 plugins.
Preloading 0 native plugins for Editor in 0.00 ms.
Invoked RoslynAnalysisRunner static constructor.
RoslynAnalysisRunner will not be running.
RoslynAnalysisRunner has terminated.
Mono: successfully reloaded assembly
- Completed reload, in  1.099 seconds
Platform modules already initialized, skipping
Refreshing native plugins compatible for Editor in 0.58 ms, found 1 plugins.
Preloading 0 native plugins for Editor in 0.00 ms.
Unloading 2265 Unused Serialized files (Serialized files now loaded: 0)
System memory in use before: 101.9 MB.
System memory in use after: 102.0 MB.

Unloading 13 unused Assets to reduce memory usage. Loaded Objects now: 2996.
Total: 4.168500 ms (FindLiveObjects: 0.526200 ms CreateObjectMapping: 0.099600 ms MarkObjects: 3.378800 ms  DeleteObjects: 0.161500 ms)

========================================================================
Received Prepare
Registering precompiled user dll's ...
Registered in 0.001453 seconds.
Begin MonoManager ReloadAssembly
Native extension for WindowsStandalone target not found
Refreshing native plugins compatible for Editor in 0.45 ms, found 1 plugins.
Preloading 0 native plugins for Editor in 0.00 ms.
Invoked RoslynAnalysisRunner static constructor.
RoslynAnalysisRunner will not be running.
RoslynAnalysisRunner has terminated.
Mono: successfully reloaded assembly
- Completed reload, in  0.957 seconds
Platform modules already initialized, skipping
Refreshing native plugins compatible for Editor in 0.55 ms, found 1 plugins.
Preloading 0 native plugins for Editor in 0.00 ms.
Unloading 2265 Unused Serialized files (Serialized files now loaded: 0)
System memory in use before: 101.9 MB.
System memory in use after: 102.0 MB.

Unloading 13 unused Assets to reduce memory usage. Loaded Objects now: 3000.
Total: 4.095300 ms (FindLiveObjects: 0.596700 ms CreateObjectMapping: 0.314400 ms MarkObjects: 3.064500 ms  DeleteObjects: 0.118600 ms)

========================================================================
Received Prepare
Registering precompiled user dll's ...
Registered in 0.001133 seconds.
Begin MonoManager ReloadAssembly
Native extension for WindowsStandalone target not found
Refreshing native plugins compatible for Editor in 0.63 ms, found 1 plugins.
Preloading 0 native plugins for Editor in 0.00 ms.
Invoked RoslynAnalysisRunner static constructor.
RoslynAnalysisRunner will not be running.
RoslynAnalysisRunner has terminated.
Mono: successfully reloaded assembly
- Completed reload, in  0.967 seconds
Platform modules already initialized, skipping
Refreshing native plugins compatible for Editor in 0.53 ms, found 1 plugins.
Preloading 0 native plugins for Editor in 0.00 ms.
Unloading 2265 Unused Serialized files (Serialized files now loaded: 0)
System memory in use before: 101.9 MB.
System memory in use after: 102.0 MB.

Unloading 13 unused Assets to reduce memory usage. Loaded Objects now: 3004.
Total: 3.507700 ms (FindLiveObjects: 0.691000 ms CreateObjectMapping: 0.176700 ms MarkObjects: 2.476900 ms  DeleteObjects: 0.162000 ms)

========================================================================
Received Prepare
Registering precompiled user dll's ...
Registered in 0.001579 seconds.
Begin MonoManager ReloadAssembly
Native extension for WindowsStandalone target not found
Refreshing native plugins compatible for Editor in 0.47 ms, found 1 plugins.
Preloading 0 native plugins for Editor in 0.00 ms.
Invoked RoslynAnalysisRunner static constructor.
RoslynAnalysisRunner will not be running.
RoslynAnalysisRunner has terminated.
Mono: successfully reloaded assembly
- Completed reload, in  0.961 seconds
Platform modules already initialized, skipping
Refreshing native plugins compatible for Editor in 0.53 ms, found 1 plugins.
Preloading 0 native plugins for Editor in 0.00 ms.
Unloading 2265 Unused Serialized files (Serialized files now loaded: 0)
System memory in use before: 101.9 MB.
System memory in use after: 102.0 MB.

Unloading 13 unused Assets to reduce memory usage. Loaded Objects now: 3008.
Total: 3.230700 ms (FindLiveObjects: 0.409800 ms CreateObjectMapping: 0.136400 ms MarkObjects: 2.518700 ms  DeleteObjects: 0.164700 ms)

========================================================================
Received Prepare
Registering precompiled user dll's ...
Registered in 0.001376 seconds.
Begin MonoManager ReloadAssembly
Native extension for WindowsStandalone target not found
Refreshing native plugins compatible for Editor in 0.45 ms, found 1 plugins.
Preloading 0 native plugins for Editor in 0.00 ms.
Invoked RoslynAnalysisRunner static constructor.
RoslynAnalysisRunner will not be running.
RoslynAnalysisRunner has terminated.
Mono: successfully reloaded assembly
- Completed reload, in  1.040 seconds
Platform modules already initialized, skipping
Refreshing native plugins compatible for Editor in 0.49 ms, found 1 plugins.
Preloading 0 native plugins for Editor in 0.00 ms.
Unloading 2265 Unused Serialized files (Serialized files now loaded: 0)
System memory in use before: 101.9 MB.
System memory in use after: 102.0 MB.

Unloading 13 unused Assets to reduce memory usage. Loaded Objects now: 3012.
Total: 2.875300 ms (FindLiveObjects: 0.322600 ms CreateObjectMapping: 0.115500 ms MarkObjects: 2.299300 ms  DeleteObjects: 0.137000 ms)

========================================================================
Received Prepare
Registering precompiled user dll's ...
Registered in 0.001746 seconds.
Begin MonoManager ReloadAssembly
Native extension for WindowsStandalone target not found
Refreshing native plugins compatible for Editor in 0.48 ms, found 1 plugins.
Preloading 0 native plugins for Editor in 0.00 ms.
Invoked RoslynAnalysisRunner static constructor.
RoslynAnalysisRunner will not be running.
RoslynAnalysisRunner has terminated.
Mono: successfully reloaded assembly
- Completed reload, in  1.142 seconds
Platform modules already initialized, skipping
Refreshing native plugins compatible for Editor in 0.68 ms, found 1 plugins.
Preloading 0 native plugins for Editor in 0.00 ms.
Unloading 2265 Unused Serialized files (Serialized files now loaded: 0)
System memory in use before: 101.9 MB.
System memory in use after: 102.0 MB.

Unloading 13 unused Assets to reduce memory usage. Loaded Objects now: 3016.
Total: 3.447800 ms (FindLiveObjects: 0.367000 ms CreateObjectMapping: 0.182200 ms MarkObjects: 2.665300 ms  DeleteObjects: 0.232000 ms)

========================================================================
Received Prepare
Registering precompiled user dll's ...
Registered in 0.001463 seconds.
Begin MonoManager ReloadAssembly
Native extension for WindowsStandalone target not found
Refreshing native plugins compatible for Editor in 0.47 ms, found 1 plugins.
Preloading 0 native plugins for Editor in 0.00 ms.
Invoked RoslynAnalysisRunner static constructor.
RoslynAnalysisRunner will not be running.
RoslynAnalysisRunner has terminated.
Mono: successfully reloaded assembly
- Completed reload, in  1.027 seconds
Platform modules already initialized, skipping
Refreshing native plugins compatible for Editor in 0.55 ms, found 1 plugins.
Preloading 0 native plugins for Editor in 0.00 ms.
Unloading 2265 Unused Serialized files (Serialized files now loaded: 0)
System memory in use before: 101.9 MB.
System memory in use after: 102.0 MB.

Unloading 13 unused Assets to reduce memory usage. Loaded Objects now: 3020.
Total: 3.346800 ms (FindLiveObjects: 0.422600 ms CreateObjectMapping: 0.185500 ms MarkObjects: 2.574000 ms  DeleteObjects: 0.163900 ms)

========================================================================
Received Prepare
Registering precompiled user dll's ...
Registered in 0.005714 seconds.
Begin MonoManager ReloadAssembly
Native extension for WindowsStandalone target not found
Refreshing native plugins compatible for Editor in 0.41 ms, found 1 plugins.
Preloading 0 native plugins for Editor in 0.00 ms.
Invoked RoslynAnalysisRunner static constructor.
RoslynAnalysisRunner will not be running.
RoslynAnalysisRunner has terminated.
Mono: successfully reloaded assembly
- Completed reload, in  0.999 seconds
Platform modules already initialized, skipping
Refreshing native plugins compatible for Editor in 0.60 ms, found 1 plugins.
Preloading 0 native plugins for Editor in 0.00 ms.
Unloading 2265 Unused Serialized files (Serialized files now loaded: 0)
System memory in use before: 102.0 MB.
System memory in use after: 102.1 MB.

Unloading 13 unused Assets to reduce memory usage. Loaded Objects now: 3024.
Total: 3.225200 ms (FindLiveObjects: 0.466200 ms CreateObjectMapping: 0.115400 ms MarkObjects: 2.488500 ms  DeleteObjects: 0.154200 ms)

========================================================================
Received Import Request.
  Time since last request: 2598.983281 seconds.
  path: Assets/Sprite/Spikes.png
  artifactKey: Guid(b36770eb9f949cd448c8203afc4fec3b) Importer(815301076,1909f56bfc062723c751e8b465ee728b)
Start importing Assets/Sprite/Spikes.png using Guid(b36770eb9f949cd448c8203afc4fec3b) Importer(815301076,1909f56bfc062723c751e8b465ee728b)  -> (artifact id: '788ca561e3ae86019ed14131852764a7') in 0.160562 seconds
  Import took 0.168853 seconds .

========================================================================
Received Prepare
Registering precompiled user dll's ...
Registered in 0.001720 seconds.
Begin MonoManager ReloadAssembly
Native extension for WindowsStandalone target not found
Refreshing native plugins compatible for Editor in 0.49 ms, found 1 plugins.
Preloading 0 native plugins for Editor in 0.00 ms.
Invoked RoslynAnalysisRunner static constructor.
RoslynAnalysisRunner will not be running.
RoslynAnalysisRunner has terminated.
Mono: successfully reloaded assembly
- Completed reload, in  0.956 seconds
Platform modules already initialized, skipping
Refreshing native plugins compatible for Editor in 0.56 ms, found 1 plugins.
Preloading 0 native plugins for Editor in 0.00 ms.
Unloading 2265 Unused Serialized files (Serialized files now loaded: 0)
System memory in use before: 104.9 MB.
System memory in use after: 105.0 MB.

Unloading 13 unused Assets to reduce memory usage. Loaded Objects now: 3034.
Total: 4.273700 ms (FindLiveObjects: 0.530000 ms CreateObjectMapping: 0.180900 ms MarkObjects: 3.373400 ms  DeleteObjects: 0.188400 ms)

========================================================================
Received Prepare
Registering precompiled user dll's ...
Registered in 0.001248 seconds.
Begin MonoManager ReloadAssembly
Native extension for WindowsStandalone target not found
Refreshing native plugins compatible for Editor in 0.45 ms, found 1 plugins.
Preloading 0 native plugins for Editor in 0.00 ms.
Invoked RoslynAnalysisRunner static constructor.
RoslynAnalysisRunner will not be running.
RoslynAnalysisRunner has terminated.
Mono: successfully reloaded assembly
- Completed reload, in  0.958 seconds
Platform modules already initialized, skipping
Refreshing native plugins compatible for Editor in 0.71 ms, found 1 plugins.
Preloading 0 native plugins for Editor in 0.00 ms.
Unloading 2265 Unused Serialized files (Serialized files now loaded: 0)
System memory in use before: 104.9 MB.
System memory in use after: 105.0 MB.

Unloading 13 unused Assets to reduce memory usage. Loaded Objects now: 3038.
Total: 3.859400 ms (FindLiveObjects: 0.851100 ms CreateObjectMapping: 0.180900 ms MarkObjects: 2.699200 ms  DeleteObjects: 0.126900 ms)

========================================================================
Received Prepare
Registering precompiled user dll's ...
Registered in 0.002170 seconds.
Begin MonoManager ReloadAssembly
Native extension for WindowsStandalone target not found
Refreshing native plugins compatible for Editor in 0.91 ms, found 1 plugins.
Preloading 0 native plugins for Editor in 0.00 ms.
Invoked RoslynAnalysisRunner static constructor.
RoslynAnalysisRunner will not be running.
RoslynAnalysisRunner has terminated.
Mono: successfully reloaded assembly
- Completed reload, in  1.114 seconds
Platform modules already initialized, skipping
Refreshing native plugins compatible for Editor in 0.51 ms, found 1 plugins.
Preloading 0 native plugins for Editor in 0.00 ms.
Unloading 2265 Unused Serialized files (Serialized files now loaded: 0)
System memory in use before: 104.9 MB.
System memory in use after: 105.0 MB.

Unloading 13 unused Assets to reduce memory usage. Loaded Objects now: 3042.
Total: 5.650700 ms (FindLiveObjects: 0.658600 ms CreateObjectMapping: 0.241500 ms MarkObjects: 4.573200 ms  DeleteObjects: 0.176400 ms)

AssetImportWorkerClient::OnTransportError - code=2 error=End of file
